<?xml version="1.0" encoding="UTF-8"?>
<testsuite name="com.cricket.CricketAnalyserTest" tests="19" skipped="0" failures="0" errors="0" timestamp="2020-04-27T10:17:22" hostname="SHREE" time="3.537">
  <properties/>
  <testcase name="givenIPLWicketData_ShouldReturnExactCount" classname="com.cricket.CricketAnalyserTest" time="1.069"/>
  <testcase name="givenIPLWicketData_IfSortedByBestStriking_Rate_with_5w_and_5w_ShouldReturn_TopStriking_Player" classname="com.cricket.CricketAnalyserTest" time="0.628"/>
  <testcase name="givenIPLRunsData_IfSortedByBattingAverage_ShouldReturn_HighestBattingAverage_Player" classname="com.cricket.CricketAnalyserTest" time="0.163"/>
  <testcase name="givenIPLRunsData_IfSortedBy_HitMaximum4sAnd6s_ShouldReturn_Player" classname="com.cricket.CricketAnalyserTest" time="0.13"/>
  <testcase name="givenIPLWicketData_IfSortedByEconomy_ShouldReturn_BestEconomy_Player" classname="com.cricket.CricketAnalyserTest" time="0.137"/>
  <testcase name="givenIPLRunsData_ShouldReturnExactCount" classname="com.cricket.CricketAnalyserTest" time="0.084"/>
  <testcase name="givenIPLWicketData_IfSortedByBowlingStrikeRate_ShouldReturn_BowlingTopStrikeRate_Player" classname="com.cricket.CricketAnalyserTest" time="0.108"/>
  <testcase name="givenIPLWicketData_IfSortedByBowlingAverageWithStrikeRate_shouldReturn_Player" classname="com.cricket.CricketAnalyserTest" time="0.257"/>
  <testcase name="givenIPLRunsData_WithIncorrectHeader_ShouldThrowException" classname="com.cricket.CricketAnalyserTest" time="0.006"/>
  <testcase name="givenIPLRunsData_WithWrongFile_ShouldThrowException" classname="com.cricket.CricketAnalyserTest" time="0.003"/>
  <testcase name="givenCsvdata_IfSortedByBestBattingAndBollwingAverage_ShouldReturnRecord" classname="com.cricket.CricketAnalyserTest" time="0.221"/>
  <testcase name="givenIPLRunsData_IfSortedMaximumRuns_WithBestAverage_ShouldReturnPlayer" classname="com.cricket.CricketAnalyserTest" time="0.205"/>
  <testcase name="givenIPLRunsData_IfSortedByBattingWithStrike_Rate_ShouldReturn_TopStriking_Rate_Player" classname="com.cricket.CricketAnalyserTest" time="0.151"/>
  <testcase name="givenCsvdata_IfSortedofAllRounder_ShouldReturnRecord" classname="com.cricket.CricketAnalyserTest" time="0.098"/>
  <testcase name="givenIPLWicketData_IfSortedByBowlingAverage_ShouldReturn_BowlingAverage_Player" classname="com.cricket.CricketAnalyserTest" time="0.046"/>
  <testcase name="givenIPLRunsData_IfSortedBestAverageWith_bestStrikingRateWith_ShouldReturnPlayer" classname="com.cricket.CricketAnalyserTest" time="0.04"/>
  <testcase name="givenIPLWicketData_IfSortedByMaximumWicketWithBestBowlingAverage_shouldReturnRecord" classname="com.cricket.CricketAnalyserTest" time="0.052"/>
  <testcase name="givenIPLRunsData_IfSortedBestStrikingRateWith_4sAnd6s_ShouldReturnPlayer" classname="com.cricket.CricketAnalyserTest" time="0.044"/>
  <testcase name="givenIPLRunsData_WithIncorrectDelimiter_ShouldThrowException" classname="com.cricket.CricketAnalyserTest" time="0.002"/>
  <system-out><![CDATA[99
]]></system-out>
  <system-err><![CDATA[]]></system-err>
</testsuite>
