<?xml version="1.0" encoding="UTF-8"?>
<testsuite name="com.cricket.CricketAnalyserTest" tests="19" skipped="0" failures="0" errors="0" timestamp="2020-04-21T06:21:01" hostname="SHREE" time="0.226">
  <properties/>
  <testcase name="givenIPLWicketData_ShouldReturnExactCount" classname="com.cricket.CricketAnalyserTest" time="0.148"/>
  <testcase name="givenIPLWicketData_IfSortedByBestStriking_Rate_with_5w_and_5w_ShouldReturn_TopStriking_Player" classname="com.cricket.CricketAnalyserTest" time="0.001"/>
  <testcase name="givenIPLRunsData_IfSortedByBattingAverage_ShouldReturn_HighestBattingAverage_Player" classname="com.cricket.CricketAnalyserTest" time="0.003"/>
  <testcase name="givenIPLRunsData_IfSortedBy_HitMaximum4sAnd6s_ShouldReturn_Player" classname="com.cricket.CricketAnalyserTest" time="0.001"/>
  <testcase name="givenIPLWicketData_IfSortedByEconomy_ShouldReturn_BestEconomy_Player" classname="com.cricket.CricketAnalyserTest" time="0.001"/>
  <testcase name="givenIPLRunsData_ShouldReturnExactCount" classname="com.cricket.CricketAnalyserTest" time="0.024"/>
  <testcase name="givenIPLWicketData_IfSortedByBowlingStrikeRate_ShouldReturn_BowlingTopStrikeRate_Player" classname="com.cricket.CricketAnalyserTest" time="0.001"/>
  <testcase name="givenIPLWicketData_IfSortedByBowlingAverageWithStrikeRate_shouldReturn_Player" classname="com.cricket.CricketAnalyserTest" time="0.001"/>
  <testcase name="givenIPLRunsData_WithIncorrectHeader_ShouldThrowException" classname="com.cricket.CricketAnalyserTest" time="0.001"/>
  <testcase name="givenIPLRunsData_WithWrongFile_ShouldThrowException" classname="com.cricket.CricketAnalyserTest" time="0.001"/>
  <testcase name="givenCsvdata_IfSortedByBestBattingAndBollwingAverage_ShouldReturnRecord" classname="com.cricket.CricketAnalyserTest" time="0.002"/>
  <testcase name="givenIPLRunsData_IfSortedMaximumRuns_WithBestAverage_ShouldReturnPlayer" classname="com.cricket.CricketAnalyserTest" time="0.002"/>
  <testcase name="givenIPLRunsData_IfSortedByBattingWithStrike_Rate_ShouldReturn_TopStriking_Rate_Player" classname="com.cricket.CricketAnalyserTest" time="0.001"/>
  <testcase name="givenCsvdata_IfSortedofAllRounder_ShouldReturnRecord" classname="com.cricket.CricketAnalyserTest" time="0.001"/>
  <testcase name="givenIPLWicketData_IfSortedByBowlingAverage_ShouldReturn_BowlingAverage_Player" classname="com.cricket.CricketAnalyserTest" time="0.001"/>
  <testcase name="givenIPLRunsData_IfSortedBestAverageWith_bestStrikingRateWith_ShouldReturnPlayer" classname="com.cricket.CricketAnalyserTest" time="0.004"/>
  <testcase name="givenIPLWicketData_IfSortedByMaximumWicketWithBestBowlingAverage_shouldReturnRecord" classname="com.cricket.CricketAnalyserTest" time="0.001"/>
  <testcase name="givenIPLRunsData_IfSortedBestStrikingRateWith_4sAnd6s_ShouldReturnPlayer" classname="com.cricket.CricketAnalyserTest" time="0.003"/>
  <testcase name="givenIPLRunsData_WithIncorrectDelimiter_ShouldThrowException" classname="com.cricket.CricketAnalyserTest" time="0.001"/>
  <system-out><![CDATA[]]></system-out>
  <system-err><![CDATA[com.cricket.CricketAnalyserException: .\src\test\resources\csv\IPL2019FactsheetMostWkts.csv
	at com.cricket.IPLAdapter.loadIPLCSVData(IPLAdapter.java:46)
	at com.cricket.BowlerWicketAdapter.loadIPLCSVData(BowlerWicketAdapter.java:8)
	at com.cricket.CricketAnalyser.loadIPLCSVData(CricketAnalyser.java:51)
	at com.cricket.CricketAnalyserTest.givenIPLWicketData_ShouldReturnExactCount(CricketAnalyserTest.java:152)
	at sun.reflect.NativeMethodAccessorImpl.invoke0(Native Method)
	at sun.reflect.NativeMethodAccessorImpl.invoke(NativeMethodAccessorImpl.java:62)
	at sun.reflect.DelegatingMethodAccessorImpl.invoke(DelegatingMethodAccessorImpl.java:43)
	at java.lang.reflect.Method.invoke(Method.java:498)
	at org.junit.runners.model.FrameworkMethod$1.runReflectiveCall(FrameworkMethod.java:50)
	at org.junit.internal.runners.model.ReflectiveCallable.run(ReflectiveCallable.java:12)
	at org.junit.runners.model.FrameworkMethod.invokeExplosively(FrameworkMethod.java:47)
	at org.junit.internal.runners.statements.InvokeMethod.evaluate(InvokeMethod.java:17)
	at org.junit.runners.ParentRunner.runLeaf(ParentRunner.java:325)
	at org.junit.runners.BlockJUnit4ClassRunner.runChild(BlockJUnit4ClassRunner.java:78)
	at org.junit.runners.BlockJUnit4ClassRunner.runChild(BlockJUnit4ClassRunner.java:57)
	at org.junit.runners.ParentRunner$3.run(ParentRunner.java:290)
	at org.junit.runners.ParentRunner$1.schedule(ParentRunner.java:71)
	at org.junit.runners.ParentRunner.runChildren(ParentRunner.java:288)
	at org.junit.runners.ParentRunner.access$000(ParentRunner.java:58)
	at org.junit.runners.ParentRunner$2.evaluate(ParentRunner.java:268)
	at org.junit.runners.ParentRunner.run(ParentRunner.java:363)
	at org.gradle.api.internal.tasks.testing.junit.JUnitTestClassExecutor.runTestClass(JUnitTestClassExecutor.java:110)
	at org.gradle.api.internal.tasks.testing.junit.JUnitTestClassExecutor.execute(JUnitTestClassExecutor.java:58)
	at org.gradle.api.internal.tasks.testing.junit.JUnitTestClassExecutor.execute(JUnitTestClassExecutor.java:38)
	at org.gradle.api.internal.tasks.testing.junit.AbstractJUnitTestClassProcessor.processTestClass(AbstractJUnitTestClassProcessor.java:62)
	at org.gradle.api.internal.tasks.testing.SuiteTestClassProcessor.processTestClass(SuiteTestClassProcessor.java:51)
	at sun.reflect.NativeMethodAccessorImpl.invoke0(Native Method)
	at sun.reflect.NativeMethodAccessorImpl.invoke(NativeMethodAccessorImpl.java:62)
	at sun.reflect.DelegatingMethodAccessorImpl.invoke(DelegatingMethodAccessorImpl.java:43)
	at java.lang.reflect.Method.invoke(Method.java:498)
	at org.gradle.internal.dispatch.ReflectionDispatch.dispatch(ReflectionDispatch.java:35)
	at org.gradle.internal.dispatch.ReflectionDispatch.dispatch(ReflectionDispatch.java:24)
	at org.gradle.internal.dispatch.ContextClassLoaderDispatch.dispatch(ContextClassLoaderDispatch.java:32)
	at org.gradle.internal.dispatch.ProxyDispatchAdapter$DispatchingInvocationHandler.invoke(ProxyDispatchAdapter.java:93)
	at com.sun.proxy.$Proxy2.processTestClass(Unknown Source)
	at org.gradle.api.internal.tasks.testing.worker.TestWorker.processTestClass(TestWorker.java:118)
	at sun.reflect.NativeMethodAccessorImpl.invoke0(Native Method)
	at sun.reflect.NativeMethodAccessorImpl.invoke(NativeMethodAccessorImpl.java:62)
	at sun.reflect.DelegatingMethodAccessorImpl.invoke(DelegatingMethodAccessorImpl.java:43)
	at java.lang.reflect.Method.invoke(Method.java:498)
	at org.gradle.internal.dispatch.ReflectionDispatch.dispatch(ReflectionDispatch.java:35)
	at org.gradle.internal.dispatch.ReflectionDispatch.dispatch(ReflectionDispatch.java:24)
	at org.gradle.internal.remote.internal.hub.MessageHubBackedObjectConnection$DispatchWrapper.dispatch(MessageHubBackedObjectConnection.java:175)
	at org.gradle.internal.remote.internal.hub.MessageHubBackedObjectConnection$DispatchWrapper.dispatch(MessageHubBackedObjectConnection.java:157)
	at org.gradle.internal.remote.internal.hub.MessageHub$Handler.run(MessageHub.java:404)
	at org.gradle.internal.concurrent.ExecutorPolicy$CatchAndRecordFailures.onExecute(ExecutorPolicy.java:63)
	at org.gradle.internal.concurrent.ManagedExecutorImpl$1.run(ManagedExecutorImpl.java:46)
	at java.util.concurrent.ThreadPoolExecutor.runWorker(ThreadPoolExecutor.java:1149)
	at java.util.concurrent.ThreadPoolExecutor$Worker.run(ThreadPoolExecutor.java:624)
	at org.gradle.internal.concurrent.ThreadFactoryImpl$ManagedThreadRunnable.run(ThreadFactoryImpl.java:55)
	at java.lang.Thread.run(Thread.java:748)
com.cricket.CricketAnalyserException: .\src\test\resources\csv\IPL2019FactsheetMostRuns.csv
	at com.cricket.IPLAdapter.loadIPLCSVData(IPLAdapter.java:46)
	at com.cricket.BatsManRunsAdapter.loadIPLCSVData(BatsManRunsAdapter.java:21)
	at com.cricket.CricketAnalyser.loadIPLCSVData(CricketAnalyser.java:51)
	at com.cricket.CricketAnalyserTest.givenIPLRunsData_ShouldReturnExactCount(CricketAnalyserTest.java:18)
	at sun.reflect.NativeMethodAccessorImpl.invoke0(Native Method)
	at sun.reflect.NativeMethodAccessorImpl.invoke(NativeMethodAccessorImpl.java:62)
	at sun.reflect.DelegatingMethodAccessorImpl.invoke(DelegatingMethodAccessorImpl.java:43)
	at java.lang.reflect.Method.invoke(Method.java:498)
	at org.junit.runners.model.FrameworkMethod$1.runReflectiveCall(FrameworkMethod.java:50)
	at org.junit.internal.runners.model.ReflectiveCallable.run(ReflectiveCallable.java:12)
	at org.junit.runners.model.FrameworkMethod.invokeExplosively(FrameworkMethod.java:47)
	at org.junit.internal.runners.statements.InvokeMethod.evaluate(InvokeMethod.java:17)
	at org.junit.runners.ParentRunner.runLeaf(ParentRunner.java:325)
	at org.junit.runners.BlockJUnit4ClassRunner.runChild(BlockJUnit4ClassRunner.java:78)
	at org.junit.runners.BlockJUnit4ClassRunner.runChild(BlockJUnit4ClassRunner.java:57)
	at org.junit.runners.ParentRunner$3.run(ParentRunner.java:290)
	at org.junit.runners.ParentRunner$1.schedule(ParentRunner.java:71)
	at org.junit.runners.ParentRunner.runChildren(ParentRunner.java:288)
	at org.junit.runners.ParentRunner.access$000(ParentRunner.java:58)
	at org.junit.runners.ParentRunner$2.evaluate(ParentRunner.java:268)
	at org.junit.runners.ParentRunner.run(ParentRunner.java:363)
	at org.gradle.api.internal.tasks.testing.junit.JUnitTestClassExecutor.runTestClass(JUnitTestClassExecutor.java:110)
	at org.gradle.api.internal.tasks.testing.junit.JUnitTestClassExecutor.execute(JUnitTestClassExecutor.java:58)
	at org.gradle.api.internal.tasks.testing.junit.JUnitTestClassExecutor.execute(JUnitTestClassExecutor.java:38)
	at org.gradle.api.internal.tasks.testing.junit.AbstractJUnitTestClassProcessor.processTestClass(AbstractJUnitTestClassProcessor.java:62)
	at org.gradle.api.internal.tasks.testing.SuiteTestClassProcessor.processTestClass(SuiteTestClassProcessor.java:51)
	at sun.reflect.NativeMethodAccessorImpl.invoke0(Native Method)
	at sun.reflect.NativeMethodAccessorImpl.invoke(NativeMethodAccessorImpl.java:62)
	at sun.reflect.DelegatingMethodAccessorImpl.invoke(DelegatingMethodAccessorImpl.java:43)
	at java.lang.reflect.Method.invoke(Method.java:498)
	at org.gradle.internal.dispatch.ReflectionDispatch.dispatch(ReflectionDispatch.java:35)
	at org.gradle.internal.dispatch.ReflectionDispatch.dispatch(ReflectionDispatch.java:24)
	at org.gradle.internal.dispatch.ContextClassLoaderDispatch.dispatch(ContextClassLoaderDispatch.java:32)
	at org.gradle.internal.dispatch.ProxyDispatchAdapter$DispatchingInvocationHandler.invoke(ProxyDispatchAdapter.java:93)
	at com.sun.proxy.$Proxy2.processTestClass(Unknown Source)
	at org.gradle.api.internal.tasks.testing.worker.TestWorker.processTestClass(TestWorker.java:118)
	at sun.reflect.NativeMethodAccessorImpl.invoke0(Native Method)
	at sun.reflect.NativeMethodAccessorImpl.invoke(NativeMethodAccessorImpl.java:62)
	at sun.reflect.DelegatingMethodAccessorImpl.invoke(DelegatingMethodAccessorImpl.java:43)
	at java.lang.reflect.Method.invoke(Method.java:498)
	at org.gradle.internal.dispatch.ReflectionDispatch.dispatch(ReflectionDispatch.java:35)
	at org.gradle.internal.dispatch.ReflectionDispatch.dispatch(ReflectionDispatch.java:24)
	at org.gradle.internal.remote.internal.hub.MessageHubBackedObjectConnection$DispatchWrapper.dispatch(MessageHubBackedObjectConnection.java:175)
	at org.gradle.internal.remote.internal.hub.MessageHubBackedObjectConnection$DispatchWrapper.dispatch(MessageHubBackedObjectConnection.java:157)
	at org.gradle.internal.remote.internal.hub.MessageHub$Handler.run(MessageHub.java:404)
	at org.gradle.internal.concurrent.ExecutorPolicy$CatchAndRecordFailures.onExecute(ExecutorPolicy.java:63)
	at org.gradle.internal.concurrent.ManagedExecutorImpl$1.run(ManagedExecutorImpl.java:46)
	at java.util.concurrent.ThreadPoolExecutor.runWorker(ThreadPoolExecutor.java:1149)
	at java.util.concurrent.ThreadPoolExecutor$Worker.run(ThreadPoolExecutor.java:624)
	at org.gradle.internal.concurrent.ThreadFactoryImpl$ManagedThreadRunnable.run(ThreadFactoryImpl.java:55)
	at java.lang.Thread.run(Thread.java:748)
]]></system-err>
</testsuite>
