<?xml version="1.0" encoding="UTF-8"?>
<testsuite name="com.cricket.CricketAnalyserTest" tests="19" skipped="0" failures="0" errors="0" timestamp="2020-04-21T06:33:41" hostname="SHREE" time="1.482">
  <properties/>
  <testcase name="givenIPLWicketData_ShouldReturnExactCount" classname="com.cricket.CricketAnalyserTest" time="0.455"/>
  <testcase name="givenIPLWicketData_IfSortedByBestStriking_Rate_with_5w_and_5w_ShouldReturn_TopStriking_Player" classname="com.cricket.CricketAnalyserTest" time="0.2"/>
  <testcase name="givenIPLRunsData_IfSortedByBattingAverage_ShouldReturn_HighestBattingAverage_Player" classname="com.cricket.CricketAnalyserTest" time="0.077"/>
  <testcase name="givenIPLRunsData_IfSortedBy_HitMaximum4sAnd6s_ShouldReturn_Player" classname="com.cricket.CricketAnalyserTest" time="0.087"/>
  <testcase name="givenIPLWicketData_IfSortedByEconomy_ShouldReturn_BestEconomy_Player" classname="com.cricket.CricketAnalyserTest" time="0.076"/>
  <testcase name="givenIPLRunsData_ShouldReturnExactCount" classname="com.cricket.CricketAnalyserTest" time="0.082"/>
  <testcase name="givenIPLWicketData_IfSortedByBowlingStrikeRate_ShouldReturn_BowlingTopStrikeRate_Player" classname="com.cricket.CricketAnalyserTest" time="0.051"/>
  <testcase name="givenIPLWicketData_IfSortedByBowlingAverageWithStrikeRate_shouldReturn_Player" classname="com.cricket.CricketAnalyserTest" time="0.052"/>
  <testcase name="givenIPLRunsData_WithIncorrectHeader_ShouldThrowException" classname="com.cricket.CricketAnalyserTest" time="0.004"/>
  <testcase name="givenIPLRunsData_WithWrongFile_ShouldThrowException" classname="com.cricket.CricketAnalyserTest" time="0.001"/>
  <testcase name="givenCsvdata_IfSortedByBestBattingAndBollwingAverage_ShouldReturnRecord" classname="com.cricket.CricketAnalyserTest" time="0.064"/>
  <testcase name="givenIPLRunsData_IfSortedMaximumRuns_WithBestAverage_ShouldReturnPlayer" classname="com.cricket.CricketAnalyserTest" time="0.048"/>
  <testcase name="givenIPLRunsData_IfSortedByBattingWithStrike_Rate_ShouldReturn_TopStriking_Rate_Player" classname="com.cricket.CricketAnalyserTest" time="0.045"/>
  <testcase name="givenCsvdata_IfSortedofAllRounder_ShouldReturnRecord" classname="com.cricket.CricketAnalyserTest" time="0.07"/>
  <testcase name="givenIPLWicketData_IfSortedByBowlingAverage_ShouldReturn_BowlingAverage_Player" classname="com.cricket.CricketAnalyserTest" time="0.035"/>
  <testcase name="givenIPLRunsData_IfSortedBestAverageWith_bestStrikingRateWith_ShouldReturnPlayer" classname="com.cricket.CricketAnalyserTest" time="0.042"/>
  <testcase name="givenIPLWicketData_IfSortedByMaximumWicketWithBestBowlingAverage_shouldReturnRecord" classname="com.cricket.CricketAnalyserTest" time="0.023"/>
  <testcase name="givenIPLRunsData_IfSortedBestStrikingRateWith_4sAnd6s_ShouldReturnPlayer" classname="com.cricket.CricketAnalyserTest" time="0.033"/>
  <testcase name="givenIPLRunsData_WithIncorrectDelimiter_ShouldThrowException" classname="com.cricket.CricketAnalyserTest" time="0.002"/>
  <system-out><![CDATA[99
]]></system-out>
  <system-err><![CDATA[]]></system-err>
</testsuite>
