<?xml version="1.0" encoding="UTF-8"?>
<testsuite name="com.cricket.CricketLeagueAnalyserTest" tests="1" skipped="0" failures="0" errors="0" timestamp="2020-04-17T14:15:59" hostname="SHREE" time="1.079">
  <properties/>
  <testcase name="givenMostRunsCSVFile_WhenTopBattingFourse_ShouldreturnTopPlayerName" classname="com.cricket.CricketLeagueAnalyserTest" time="1.079"/>
  <system-out><![CDATA[]]></system-out>
  <system-err><![CDATA[]]></system-err>
</testsuite>
