<?xml version="1.0" encoding="UTF-8"?>
<testsuite name="com.cricket.CricketLeagueAnalyserTest" tests="1" skipped="0" failures="0" errors="0" timestamp="2020-04-19T10:36:46" hostname="SHREE" time="1.017">
  <properties/>
  <testcase name="givenMostWicketsCSVFile_WhenTopBowlingAverage_ShouldReturnTopPlayerName" classname="com.cricket.CricketLeagueAnalyserTest" time="1.017"/>
  <system-out><![CDATA[]]></system-out>
  <system-err><![CDATA[]]></system-err>
</testsuite>
