<?xml version="1.0" encoding="UTF-8"?>
<testsuite name="com.cricket.CricketLeagueAnalyserTest" tests="1" skipped="0" failures="0" errors="0" timestamp="2020-04-20T07:37:08" hostname="SHREE" time="1.972">
  <properties/>
  <testcase name="givenMostWicketsCSVFile_SortedByBestWicketsWithAverage_ShouldReturnTopPlayerName" classname="com.cricket.CricketLeagueAnalyserTest" time="1.972"/>
  <system-out><![CDATA[]]></system-out>
  <system-err><![CDATA[]]></system-err>
</testsuite>
