<?xml version="1.0" encoding="UTF-8"?>
<testsuite name="com.cricket.CricketLeagueAnalyserTest" tests="1" skipped="0" failures="0" errors="0" timestamp="2020-04-17T18:35:29" hostname="SHREE" time="0.951">
  <properties/>
  <testcase name="givenMostRunsCSVFile_WhenTopBattingRuns_ShouldreturnAverage" classname="com.cricket.CricketLeagueAnalyserTest" time="0.951"/>
  <system-out><![CDATA[692
]]></system-out>
  <system-err><![CDATA[]]></system-err>
</testsuite>
