<?xml version="1.0" encoding="UTF-8"?>
<testsuite name="com.cricket.CricketLeagueAnalyserTest" tests="1" skipped="0" failures="0" errors="0" timestamp="2020-04-17T18:02:17" hostname="SHREE" time="0.937">
  <properties/>
  <testcase name="givenMostRunsCSVFile_WhenTopBattingSixesAndFours_ShouldReturnTopPlayerName" classname="com.cricket.CricketLeagueAnalyserTest" time="0.937"/>
  <system-out><![CDATA[]]></system-out>
  <system-err><![CDATA[]]></system-err>
</testsuite>
